1545088829057	mozrunner::runner	INFO	Running command: "/Applications/Firefox.app/Contents/MacOS/firefox-bin" "-marionette" "-foreground" "-no-remote" "-profile" "/var/folders/fp/351nxg9964v578zc75dpnv1m0000gn/T/rust_mozprofile.PtLI0sXOypK3"
1545088829587	addons.webextension.screenshots@mozilla.org	WARN	Loading extension 'screenshots@mozilla.org': Reading manifest: Invalid host permission: resource://pdf.js/
1545088829588	addons.webextension.screenshots@mozilla.org	WARN	Loading extension 'screenshots@mozilla.org': Reading manifest: Invalid host permission: about:reader*
Can't find symbol 'GetGraphicsResetStatus'.
1545088830963	Marionette	INFO	Listening on port 49460
1545088831006	Marionette	WARN	TLS certificate errors will be ignored for this session
JavaScript error: https://www.syncatardenpark.com/wp-content/themes/orionproperty/lib/css/map-icons/dist/js/map-icons.min.js?ver=20171001, line 1: ReferenceError: google is not defined
JavaScript warning: https://www.googletagmanager.com/gtag/js?id=UA-49666603-4, line 87: unreachable code after return statement
JavaScript warning: https://www.googletagmanager.com/gtag/js?id=UA-49666603-4, line 147: unreachable code after return statement
JavaScript warning: https://www.googletagmanager.com/gtag/js?id=UA-49666603-4, line 147: unreachable code after return statement
JavaScript warning: https://www.googletagmanager.com/gtag/js?id=UA-49666603-4, line 147: unreachable code after return statement
JavaScript warning: https://www.googletagmanager.com/gtag/js?id=UA-49666603-4, line 87: unreachable code after return statement
JavaScript warning: https://www.googletagmanager.com/gtag/js?id=UA-49666603-4, line 147: unreachable code after return statement
JavaScript error: https://www.syncatardenpark.com/wp-content/plugins/google-analytics-dashboard-for-wp/front/js/tracking-analytics-events.js?ver=5.3.7, line 1: TypeError: jQuery.scrollDepth is not a function
console.error: BroadcastService: 
  receivedBroadcastMessage: handler for
  remote-settings/monitor_changes
  threw error:
  Message: Error: Polling for changes failed: NetworkError when attempting to fetch resource..
  Stack:
    remoteSettingsFunction/remoteSettings.pollChanges@resource://services-settings/remote-settings.js:750:13

Can't find symbol 'GetGraphicsResetStatus'.
1545169791300	mozrunner::runner	INFO	Running command: "/Applications/Firefox.app/Contents/MacOS/firefox-bin" "-marionette" "-foreground" "-no-remote" "-profile" "/var/folders/fp/351nxg9964v578zc75dpnv1m0000gn/T/rust_mozprofile.VO4PbchuQTXw"
1545169791839	addons.webextension.screenshots@mozilla.org	WARN	Loading extension 'screenshots@mozilla.org': Reading manifest: Invalid host permission: resource://pdf.js/
1545169791839	addons.webextension.screenshots@mozilla.org	WARN	Loading extension 'screenshots@mozilla.org': Reading manifest: Invalid host permission: about:reader*
Can't find symbol 'GetGraphicsResetStatus'.
1545169793623	Marionette	INFO	Listening on port 49880
1545169793667	Marionette	WARN	TLS certificate errors will be ignored for this session
JavaScript warning: https://www.googletagmanager.com/gtag/js?id=UA-86652676-1, line 87: unreachable code after return statement
JavaScript warning: https://www.googletagmanager.com/gtag/js?id=UA-86652676-1, line 147: unreachable code after return statement
JavaScript warning: https://www.googletagmanager.com/gtag/js?id=UA-86652676-1, line 147: unreachable code after return statement
JavaScript warning: https://www.googletagmanager.com/gtag/js?id=UA-86652676-1, line 147: unreachable code after return statement
JavaScript warning: https://www.googletagmanager.com/gtag/js?id=UA-86652676-1, line 87: unreachable code after return statement
JavaScript warning: https://www.googletagmanager.com/gtag/js?id=UA-86652676-1, line 147: unreachable code after return statement
1545169852922	mozrunner::runner	INFO	Running command: "/Applications/Firefox.app/Contents/MacOS/firefox-bin" "-marionette" "-foreground" "-no-remote" "-profile" "/var/folders/fp/351nxg9964v578zc75dpnv1m0000gn/T/rust_mozprofile.JhzzKi7tp9z1"
1545169853419	addons.webextension.screenshots@mozilla.org	WARN	Loading extension 'screenshots@mozilla.org': Reading manifest: Invalid host permission: resource://pdf.js/
1545169853420	addons.webextension.screenshots@mozilla.org	WARN	Loading extension 'screenshots@mozilla.org': Reading manifest: Invalid host permission: about:reader*
Can't find symbol 'GetGraphicsResetStatus'.
1545169854712	Marionette	INFO	Listening on port 49987
1545169854759	Marionette	WARN	TLS certificate errors will be ignored for this session
JavaScript warning: https://www.googletagmanager.com/gtag/js?id=UA-86652676-1, line 87: unreachable code after return statement
JavaScript warning: https://www.googletagmanager.com/gtag/js?id=UA-86652676-1, line 147: unreachable code after return statement
JavaScript warning: https://www.googletagmanager.com/gtag/js?id=UA-86652676-1, line 147: unreachable code after return statement
JavaScript warning: https://www.googletagmanager.com/gtag/js?id=UA-86652676-1, line 147: unreachable code after return statement
JavaScript warning: https://www.googletagmanager.com/gtag/js?id=UA-86652676-1, line 87: unreachable code after return statement
JavaScript warning: https://www.googletagmanager.com/gtag/js?id=UA-86652676-1, line 147: unreachable code after return statement
1545169933554	mozrunner::runner	INFO	Running command: "/Applications/Firefox.app/Contents/MacOS/firefox-bin" "-marionette" "-foreground" "-no-remote" "-profile" "/var/folders/fp/351nxg9964v578zc75dpnv1m0000gn/T/rust_mozprofile.WuHDqPMVwluW"
1545169934048	addons.webextension.screenshots@mozilla.org	WARN	Loading extension 'screenshots@mozilla.org': Reading manifest: Invalid host permission: resource://pdf.js/
1545169934048	addons.webextension.screenshots@mozilla.org	WARN	Loading extension 'screenshots@mozilla.org': Reading manifest: Invalid host permission: about:reader*
Can't find symbol 'GetGraphicsResetStatus'.
1545169935247	Marionette	INFO	Listening on port 50071
1545169935313	Marionette	WARN	TLS certificate errors will be ignored for this session
JavaScript warning: https://www.googletagmanager.com/gtag/js?id=UA-86652676-1, line 87: unreachable code after return statement
JavaScript warning: https://www.googletagmanager.com/gtag/js?id=UA-86652676-1, line 147: unreachable code after return statement
JavaScript warning: https://www.googletagmanager.com/gtag/js?id=UA-86652676-1, line 147: unreachable code after return statement
JavaScript warning: https://www.googletagmanager.com/gtag/js?id=UA-86652676-1, line 147: unreachable code after return statement
JavaScript warning: https://www.googletagmanager.com/gtag/js?id=UA-86652676-1, line 87: unreachable code after return statement
JavaScript warning: https://www.googletagmanager.com/gtag/js?id=UA-86652676-1, line 147: unreachable code after return statement
1545169985591	mozrunner::runner	INFO	Running command: "/Applications/Firefox.app/Contents/MacOS/firefox-bin" "-marionette" "-foreground" "-no-remote" "-profile" "/var/folders/fp/351nxg9964v578zc75dpnv1m0000gn/T/rust_mozprofile.K6TMO715nRKY"
1545169986077	addons.webextension.screenshots@mozilla.org	WARN	Loading extension 'screenshots@mozilla.org': Reading manifest: Invalid host permission: resource://pdf.js/
1545169986077	addons.webextension.screenshots@mozilla.org	WARN	Loading extension 'screenshots@mozilla.org': Reading manifest: Invalid host permission: about:reader*
Can't find symbol 'GetGraphicsResetStatus'.
1545169987352	Marionette	INFO	Listening on port 50147
1545169987422	Marionette	WARN	TLS certificate errors will be ignored for this session
JavaScript warning: https://www.googletagmanager.com/gtag/js?id=UA-86652676-1, line 87: unreachable code after return statement
JavaScript warning: https://www.googletagmanager.com/gtag/js?id=UA-86652676-1, line 147: unreachable code after return statement
JavaScript warning: https://www.googletagmanager.com/gtag/js?id=UA-86652676-1, line 147: unreachable code after return statement
JavaScript warning: https://www.googletagmanager.com/gtag/js?id=UA-86652676-1, line 147: unreachable code after return statement
JavaScript warning: https://www.googletagmanager.com/gtag/js?id=UA-86652676-1, line 87: unreachable code after return statement
JavaScript warning: https://www.googletagmanager.com/gtag/js?id=UA-86652676-1, line 147: unreachable code after return statement
Can't find symbol 'GetGraphicsResetStatus'.
Can't find symbol 'GetGraphicsResetStatus'.
Can't find symbol 'GetGraphicsResetStatus'.
Can't find symbol 'GetGraphicsResetStatus'.
Can't find symbol 'GetGraphicsResetStatus'.
Can't find symbol 'GetGraphicsResetStatus'.
1545170036096	Marionette	INFO	Stopped listening on port 50147
1545170037998	Marionette	INFO	Stopped listening on port 50071
1545170039824	Marionette	INFO	Stopped listening on port 49987
1545170041731	Marionette	INFO	Stopped listening on port 49880
Can't find symbol 'GetGraphicsResetStatus'.
1545170045139	Marionette	INFO	Stopped listening on port 49460
1545170130096	mozrunner::runner	INFO	Running command: "/Applications/Firefox.app/Contents/MacOS/firefox-bin" "-marionette" "-foreground" "-no-remote" "-profile" "/var/folders/fp/351nxg9964v578zc75dpnv1m0000gn/T/rust_mozprofile.5VPAKWfiBPfI"
1545170130502	addons.webextension.screenshots@mozilla.org	WARN	Loading extension 'screenshots@mozilla.org': Reading manifest: Invalid host permission: resource://pdf.js/
1545170130502	addons.webextension.screenshots@mozilla.org	WARN	Loading extension 'screenshots@mozilla.org': Reading manifest: Invalid host permission: about:reader*
Can't find symbol 'GetGraphicsResetStatus'.
1545170131781	Marionette	INFO	Listening on port 50245
1545170131840	Marionette	WARN	TLS certificate errors will be ignored for this session
JavaScript warning: https://www.googletagmanager.com/gtag/js?id=UA-86652676-1, line 87: unreachable code after return statement
JavaScript warning: https://www.googletagmanager.com/gtag/js?id=UA-86652676-1, line 147: unreachable code after return statement
JavaScript warning: https://www.googletagmanager.com/gtag/js?id=UA-86652676-1, line 147: unreachable code after return statement
JavaScript warning: https://www.googletagmanager.com/gtag/js?id=UA-86652676-1, line 147: unreachable code after return statement
JavaScript warning: https://www.googletagmanager.com/gtag/js?id=UA-86652676-1, line 87: unreachable code after return statement
JavaScript warning: https://www.googletagmanager.com/gtag/js?id=UA-86652676-1, line 147: unreachable code after return statement
console.error: BroadcastService: 
  receivedBroadcastMessage: handler for
  remote-settings/monitor_changes
  threw error:
  Message: Error: Polling for changes failed: NetworkError when attempting to fetch resource..
  Stack:
    remoteSettingsFunction/remoteSettings.pollChanges@resource://services-settings/remote-settings.js:750:13

1545171789051	mozrunner::runner	INFO	Running command: "/Applications/Firefox.app/Contents/MacOS/firefox-bin" "-marionette" "-foreground" "-no-remote" "-profile" "/var/folders/fp/351nxg9964v578zc75dpnv1m0000gn/T/rust_mozprofile.RanGQLJHCI91"
1545171789461	addons.webextension.screenshots@mozilla.org	WARN	Loading extension 'screenshots@mozilla.org': Reading manifest: Invalid host permission: resource://pdf.js/
1545171789461	addons.webextension.screenshots@mozilla.org	WARN	Loading extension 'screenshots@mozilla.org': Reading manifest: Invalid host permission: about:reader*
Can't find symbol 'GetGraphicsResetStatus'.
1545171790740	Marionette	INFO	Listening on port 50652
1545171790807	Marionette	WARN	TLS certificate errors will be ignored for this session
JavaScript warning: https://www.googletagmanager.com/gtag/js?id=UA-86652676-1, line 87: unreachable code after return statement
JavaScript warning: https://www.googletagmanager.com/gtag/js?id=UA-86652676-1, line 147: unreachable code after return statement
JavaScript warning: https://www.googletagmanager.com/gtag/js?id=UA-86652676-1, line 147: unreachable code after return statement
JavaScript warning: https://www.googletagmanager.com/gtag/js?id=UA-86652676-1, line 147: unreachable code after return statement
JavaScript warning: https://www.googletagmanager.com/gtag/js?id=UA-86652676-1, line 87: unreachable code after return statement
JavaScript warning: https://www.googletagmanager.com/gtag/js?id=UA-86652676-1, line 147: unreachable code after return statement
console.error: BroadcastService: 
  receivedBroadcastMessage: handler for
  remote-settings/monitor_changes
  threw error:
  Message: Error: Polling for changes failed: NetworkError when attempting to fetch resource..
  Stack:
    remoteSettingsFunction/remoteSettings.pollChanges@resource://services-settings/remote-settings.js:750:13

1545172211082	mozrunner::runner	INFO	Running command: "/Applications/Firefox.app/Contents/MacOS/firefox-bin" "-marionette" "-foreground" "-no-remote" "-profile" "/var/folders/fp/351nxg9964v578zc75dpnv1m0000gn/T/rust_mozprofile.0oItDcWRdAa2"
1545172211498	addons.webextension.screenshots@mozilla.org	WARN	Loading extension 'screenshots@mozilla.org': Reading manifest: Invalid host permission: resource://pdf.js/
1545172211498	addons.webextension.screenshots@mozilla.org	WARN	Loading extension 'screenshots@mozilla.org': Reading manifest: Invalid host permission: about:reader*
Can't find symbol 'GetGraphicsResetStatus'.
1545172212770	Marionette	INFO	Listening on port 50747
1545172212824	Marionette	WARN	TLS certificate errors will be ignored for this session
JavaScript warning: https://www.googletagmanager.com/gtag/js?id=UA-86652676-1, line 87: unreachable code after return statement
JavaScript warning: https://www.googletagmanager.com/gtag/js?id=UA-86652676-1, line 147: unreachable code after return statement
JavaScript warning: https://www.googletagmanager.com/gtag/js?id=UA-86652676-1, line 147: unreachable code after return statement
JavaScript warning: https://www.googletagmanager.com/gtag/js?id=UA-86652676-1, line 147: unreachable code after return statement
JavaScript warning: https://www.googletagmanager.com/gtag/js?id=UA-86652676-1, line 87: unreachable code after return statement
JavaScript warning: https://www.googletagmanager.com/gtag/js?id=UA-86652676-1, line 147: unreachable code after return statement
1545172293023	Marionette	INFO	Stopped listening on port 50747
Can't find symbol 'GetGraphicsResetStatus'.
1545172296210	Marionette	INFO	Stopped listening on port 50652
Can't find symbol 'GetGraphicsResetStatus'.
1545172299306	Marionette	INFO	Stopped listening on port 50245
1545172305852	mozrunner::runner	INFO	Running command: "/Applications/Firefox.app/Contents/MacOS/firefox-bin" "-marionette" "-foreground" "-no-remote" "-profile" "/var/folders/fp/351nxg9964v578zc75dpnv1m0000gn/T/rust_mozprofile.YOHIDqDOUxbz"
1545172306261	addons.webextension.screenshots@mozilla.org	WARN	Loading extension 'screenshots@mozilla.org': Reading manifest: Invalid host permission: resource://pdf.js/
1545172306261	addons.webextension.screenshots@mozilla.org	WARN	Loading extension 'screenshots@mozilla.org': Reading manifest: Invalid host permission: about:reader*
Can't find symbol 'GetGraphicsResetStatus'.
1545172307527	Marionette	INFO	Listening on port 50840
1545172307601	Marionette	WARN	TLS certificate errors will be ignored for this session
JavaScript warning: https://www.googletagmanager.com/gtag/js?id=UA-86652676-1, line 87: unreachable code after return statement
JavaScript warning: https://www.googletagmanager.com/gtag/js?id=UA-86652676-1, line 147: unreachable code after return statement
JavaScript warning: https://www.googletagmanager.com/gtag/js?id=UA-86652676-1, line 147: unreachable code after return statement
JavaScript warning: https://www.googletagmanager.com/gtag/js?id=UA-86652676-1, line 147: unreachable code after return statement
JavaScript warning: https://www.googletagmanager.com/gtag/js?id=UA-86652676-1, line 87: unreachable code after return statement
JavaScript warning: https://www.googletagmanager.com/gtag/js?id=UA-86652676-1, line 147: unreachable code after return statement
1545172532585	mozrunner::runner	INFO	Running command: "/Applications/Firefox.app/Contents/MacOS/firefox-bin" "-marionette" "-foreground" "-no-remote" "-profile" "/var/folders/fp/351nxg9964v578zc75dpnv1m0000gn/T/rust_mozprofile.lFkzqGE3cQ69"
1545172532990	addons.webextension.screenshots@mozilla.org	WARN	Loading extension 'screenshots@mozilla.org': Reading manifest: Invalid host permission: resource://pdf.js/
1545172532991	addons.webextension.screenshots@mozilla.org	WARN	Loading extension 'screenshots@mozilla.org': Reading manifest: Invalid host permission: about:reader*
Can't find symbol 'GetGraphicsResetStatus'.
1545172534265	Marionette	INFO	Listening on port 50951
1545172534332	Marionette	WARN	TLS certificate errors will be ignored for this session
JavaScript warning: https://www.googletagmanager.com/gtag/js?id=UA-49666603-4, line 87: unreachable code after return statement
JavaScript warning: https://www.googletagmanager.com/gtag/js?id=UA-49666603-4, line 147: unreachable code after return statement
JavaScript warning: https://www.googletagmanager.com/gtag/js?id=UA-49666603-4, line 147: unreachable code after return statement
JavaScript warning: https://www.googletagmanager.com/gtag/js?id=UA-49666603-4, line 147: unreachable code after return statement
JavaScript warning: https://www.googletagmanager.com/gtag/js?id=UA-49666603-4, line 87: unreachable code after return statement
JavaScript warning: https://www.googletagmanager.com/gtag/js?id=UA-49666603-4, line 147: unreachable code after return statement
console.error: BroadcastService: 
  receivedBroadcastMessage: handler for
  remote-settings/monitor_changes
  threw error:
  Message: Error: Polling for changes failed: NetworkError when attempting to fetch resource..
  Stack:
    remoteSettingsFunction/remoteSettings.pollChanges@resource://services-settings/remote-settings.js:750:13

console.error: BroadcastService: 
  receivedBroadcastMessage: handler for
  remote-settings/monitor_changes
  threw error:
  Message: Error: Polling for changes failed: NetworkError when attempting to fetch resource..
  Stack:
    remoteSettingsFunction/remoteSettings.pollChanges@resource://services-settings/remote-settings.js:750:13

JavaScript error: https://www.syncatardenpark.com/wp-content/themes/orionproperty/lib/css/map-icons/dist/js/map-icons.min.js?ver=20171001, line 1: ReferenceError: google is not defined
[GFX1-]: Receive IPC close with reason=AbnormalShutdown
[GFX1-]: Receive IPC close with reason=AbnormalShutdown
1545172641100	mozrunner::runner	INFO	Running command: "/Applications/Firefox.app/Contents/MacOS/firefox-bin" "-marionette" "-foreground" "-no-remote" "-profile" "/var/folders/fp/351nxg9964v578zc75dpnv1m0000gn/T/rust_mozprofile.ZFtp2FaFf355"
1545172641512	addons.webextension.screenshots@mozilla.org	WARN	Loading extension 'screenshots@mozilla.org': Reading manifest: Invalid host permission: resource://pdf.js/
1545172641512	addons.webextension.screenshots@mozilla.org	WARN	Loading extension 'screenshots@mozilla.org': Reading manifest: Invalid host permission: about:reader*
Can't find symbol 'GetGraphicsResetStatus'.
1545172642783	Marionette	INFO	Listening on port 51012
1545172642848	Marionette	WARN	TLS certificate errors will be ignored for this session
console.error: BroadcastService: 
  receivedBroadcastMessage: handler for
  remote-settings/monitor_changes
  threw error:
  Message: Error: Polling for changes failed: NetworkError when attempting to fetch resource..
  Stack:
    remoteSettingsFunction/remoteSettings.pollChanges@resource://services-settings/remote-settings.js:750:13

JavaScript warning: https://www.googletagmanager.com/gtag/js?id=UA-49666603-4, line 87: unreachable code after return statement
JavaScript warning: https://www.googletagmanager.com/gtag/js?id=UA-49666603-4, line 147: unreachable code after return statement
JavaScript warning: https://www.googletagmanager.com/gtag/js?id=UA-49666603-4, line 147: unreachable code after return statement
JavaScript warning: https://www.googletagmanager.com/gtag/js?id=UA-49666603-4, line 147: unreachable code after return statement
JavaScript warning: https://www.googletagmanager.com/gtag/js?id=UA-49666603-4, line 87: unreachable code after return statement
JavaScript warning: https://www.googletagmanager.com/gtag/js?id=UA-49666603-4, line 147: unreachable code after return statement
JavaScript error: https://www.syncatardenpark.com/wp-content/themes/orionproperty/lib/css/map-icons/dist/js/map-icons.min.js?ver=20171001, line 1: ReferenceError: google is not defined
1545172718322	Marionette	INFO	Stopped listening on port 51012
1545172720187	Marionette	INFO	Stopped listening on port 50840
1545173641939	mozrunner::runner	INFO	Running command: "/Applications/Firefox.app/Contents/MacOS/firefox-bin" "-marionette" "-foreground" "-no-remote" "-profile" "/var/folders/fp/351nxg9964v578zc75dpnv1m0000gn/T/rust_mozprofile.bTGTFhiDe2q5"
1545173642355	addons.webextension.screenshots@mozilla.org	WARN	Loading extension 'screenshots@mozilla.org': Reading manifest: Invalid host permission: resource://pdf.js/
1545173642355	addons.webextension.screenshots@mozilla.org	WARN	Loading extension 'screenshots@mozilla.org': Reading manifest: Invalid host permission: about:reader*
Can't find symbol 'GetGraphicsResetStatus'.
1545173643656	Marionette	INFO	Listening on port 51100
1545173643666	Marionette	WARN	TLS certificate errors will be ignored for this session
JavaScript warning: https://www.googletagmanager.com/gtag/js?id=UA-49666603-4, line 87: unreachable code after return statement
JavaScript warning: https://www.googletagmanager.com/gtag/js?id=UA-49666603-4, line 147: unreachable code after return statement
JavaScript warning: https://www.googletagmanager.com/gtag/js?id=UA-49666603-4, line 147: unreachable code after return statement
JavaScript warning: https://www.googletagmanager.com/gtag/js?id=UA-49666603-4, line 147: unreachable code after return statement
JavaScript warning: https://www.googletagmanager.com/gtag/js?id=UA-49666603-4, line 87: unreachable code after return statement
JavaScript warning: https://www.googletagmanager.com/gtag/js?id=UA-49666603-4, line 147: unreachable code after return statement
JavaScript error: https://www.syncatardenpark.com/wp-content/themes/orionproperty/lib/css/map-icons/dist/js/map-icons.min.js?ver=20171001, line 1: ReferenceError: google is not defined
JavaScript error: https://www.syncatardenpark.com/wp-content/plugins/google-analytics-dashboard-for-wp/front/js/tracking-analytics-events.js?ver=5.3.7, line 1: TypeError: jQuery.scrollDepth is not a function
JavaScript error: https://sync.myresman.com/Portal/Applicants/Availability?a=1417&p=f6cd1e02-bfd2-4798-aee1-2142a29cba97, line 1: ReferenceError: initWelcomeMessage is not defined
console.error: BroadcastService: 
  receivedBroadcastMessage: handler for
  remote-settings/monitor_changes
  threw error:
  Message: Error: Polling for changes failed: NetworkError when attempting to fetch resource..
  Stack:
    remoteSettingsFunction/remoteSettings.pollChanges@resource://services-settings/remote-settings.js:750:13

JavaScript error: https://www.syncatardenpark.com/wp-content/themes/orionproperty/lib/css/map-icons/dist/js/map-icons.min.js?ver=20171001, line 1: ReferenceError: google is not defined
JavaScript warning: https://www.googletagmanager.com/gtag/js?id=UA-49666603-4, line 87: unreachable code after return statement
JavaScript warning: https://www.googletagmanager.com/gtag/js?id=UA-49666603-4, line 147: unreachable code after return statement
JavaScript warning: https://www.googletagmanager.com/gtag/js?id=UA-49666603-4, line 147: unreachable code after return statement
JavaScript warning: https://www.googletagmanager.com/gtag/js?id=UA-49666603-4, line 147: unreachable code after return statement
JavaScript warning: https://www.googletagmanager.com/gtag/js?id=UA-49666603-4, line 87: unreachable code after return statement
JavaScript warning: https://www.googletagmanager.com/gtag/js?id=UA-49666603-4, line 147: unreachable code after return statement
JavaScript error: https://www.syncatardenpark.com/wp-content/plugins/google-analytics-dashboard-for-wp/front/js/tracking-analytics-events.js?ver=5.3.7, line 1: TypeError: jQuery.scrollDepth is not a function
1545173716522	Marionette	INFO	Stopped listening on port 51100
